<?xml version="1.0" encoding="UTF-8"?>
<testsuite name="SecretsTest" tests="8" skipped="0" failures="0" errors="0" timestamp="2024-03-09T19:36:48" hostname="PC-JOAQUIN" time="0.1">
  <properties/>
  <testcase name="flip bits in 38_460" classname="SecretsTest" time="0.081"/>
  <testcase name="set bits in 5" classname="SecretsTest" time="0.002"/>
  <testcase name="set bits in 5_652" classname="SecretsTest" time="0.002"/>
  <testcase name="clear bits from 5" classname="SecretsTest" time="0.001"/>
  <testcase name="shift -2_144_333_657 back 3 places" classname="SecretsTest" time="0.001"/>
  <testcase name="flip bits in 5" classname="SecretsTest" time="0.001"/>
  <testcase name="shift 8 back 2 places" classname="SecretsTest" time="0.001"/>
  <testcase name="clear bits from 90" classname="SecretsTest" time="0.001"/>
  <system-out><![CDATA[]]></system-out>
  <system-err><![CDATA[]]></system-err>
</testsuite>
