<?xml version="1.0" encoding="UTF-8"?>
<testsuite name="CollatzCalculatorTest" tests="6" skipped="0" failures="0" errors="0" timestamp="2024-03-22T04:21:17" hostname="PC-JOAQUIN" time="0.099">
  <properties/>
  <testcase name="testCorrectNumberOfStepsWhenBothStepTypesAreNeeded()" classname="CollatzCalculatorTest" time="0.08"/>
  <testcase name="testAVeryLargeInput()" classname="CollatzCalculatorTest" time="0.001"/>
  <testcase name="testZeroIsConsideredInvalidInput()" classname="CollatzCalculatorTest" time="0.006"/>
  <testcase name="testCorrectNumberOfStepsWhenAllStepsAreDivisions()" classname="CollatzCalculatorTest" time="0.002"/>
  <testcase name="testZeroStepsRequiredWhenStartingFrom1()" classname="CollatzCalculatorTest" time="0.001"/>
  <testcase name="testNegativeIntegerIsConsideredInvalidInput()" classname="CollatzCalculatorTest" time="0.001"/>
  <system-out><![CDATA[]]></system-out>
  <system-err><![CDATA[]]></system-err>
</testsuite>
