<?xml version="1.0" encoding="UTF-8"?>
<testsuite name="IsogramCheckerTest" tests="14" skipped="0" failures="0" errors="0" timestamp="2024-03-24T01:26:14" hostname="PC-JOAQUIN" time="0.127">
  <properties/>
  <testcase name="testDuplicatedCharacterAndTwoHyphens()" classname="IsogramCheckerTest" time="0.092"/>
  <testcase name="testDuplicateEndAlphabet()" classname="IsogramCheckerTest" time="0.002"/>
  <testcase name="testIsogramWithDuplicatedHyphen()" classname="IsogramCheckerTest" time="0.002"/>
  <testcase name="testIsogramWithDuplicatedCharAfterHyphen()" classname="IsogramCheckerTest" time="0.002"/>
  <testcase name="testCaseInsensitive()" classname="IsogramCheckerTest" time="0.001"/>
  <testcase name="testLowercaseIsogram()" classname="IsogramCheckerTest" time="0.003"/>
  <testcase name="testNotIsogram()" classname="IsogramCheckerTest" time="0.001"/>
  <testcase name="testMadeUpNameThatIsAnIsogram()" classname="IsogramCheckerTest" time="0.001"/>
  <testcase name="testEmptyString()" classname="IsogramCheckerTest" time="0.001"/>
  <testcase name="testIsogramWithHyphen()" classname="IsogramCheckerTest" time="0.001"/>
  <testcase name="testDuplicateMixedCase()" classname="IsogramCheckerTest" time="0.0"/>
  <testcase name="testSameFirstAndLast()" classname="IsogramCheckerTest" time="0.001"/>
  <testcase name="testMediumLongIsogram()" classname="IsogramCheckerTest" time="0.001"/>
  <testcase name="testDuplicatedCharacterInTheMiddleIsNotIsogram()" classname="IsogramCheckerTest" time="0.001"/>
  <system-out><![CDATA[]]></system-out>
  <system-err><![CDATA[]]></system-err>
</testsuite>
