<?xml version="1.0" encoding="UTF-8"?>
<testsuite name="ResistorColorTest" tests="4" skipped="0" failures="0" errors="0" timestamp="2024-03-10T14:11:16" hostname="PC-JOAQUIN" time="0.106">
  <properties/>
  <testcase name="testWhiteColorCode()" classname="ResistorColorTest" time="0.087"/>
  <testcase name="testColors()" classname="ResistorColorTest" time="0.011"/>
  <testcase name="testBlackColorCode()" classname="ResistorColorTest" time="0.002"/>
  <testcase name="testOrangeColorCode()" classname="ResistorColorTest" time="0.001"/>
  <system-out><![CDATA[]]></system-out>
  <system-err><![CDATA[]]></system-err>
</testsuite>
