<?xml version="1.0" encoding="UTF-8"?>
<testsuite name="TwelveDaysTest" tests="15" skipped="0" failures="0" errors="0" timestamp="2024-07-25T14:46:39" hostname="PC-JOAQUIN" time="0.154">
  <properties/>
  <testcase name="testVerseEight()" classname="TwelveDaysTest" time="0.106"/>
  <testcase name="testVerseSeven()" classname="TwelveDaysTest" time="0.002"/>
  <testcase name="testVerseThree()" classname="TwelveDaysTest" time="0.002"/>
  <testcase name="testVerseOne()" classname="TwelveDaysTest" time="0.004"/>
  <testcase name="testVerseSix()" classname="TwelveDaysTest" time="0.002"/>
  <testcase name="testVerseTen()" classname="TwelveDaysTest" time="0.001"/>
  <testcase name="testVerseTwo()" classname="TwelveDaysTest" time="0.002"/>
  <testcase name="testVerseFive()" classname="TwelveDaysTest" time="0.002"/>
  <testcase name="testVerseFour()" classname="TwelveDaysTest" time="0.001"/>
  <testcase name="testVerseNine()" classname="TwelveDaysTest" time="0.001"/>
  <testcase name="testVerseEleven()" classname="TwelveDaysTest" time="0.003"/>
  <testcase name="testVerseTwelve()" classname="TwelveDaysTest" time="0.002"/>
  <testcase name="testFirstThreeVerses()" classname="TwelveDaysTest" time="0.001"/>
  <testcase name="testSingWholeSong()" classname="TwelveDaysTest" time="0.002"/>
  <testcase name="testFourthToSixthVerses()" classname="TwelveDaysTest" time="0.001"/>
  <system-out><![CDATA[[On the first day of Christmas my true love gave to me: a Partridge in a Pear Tree., , On the second day of Christmas my true love gave to me: two Turtle Doves, and a Partridge in a Pear Tree., , On the third day of Christmas my true love gave to me: three French Hens, two Turtle Doves, and a Partridge in a Pear Tree., , On the fourth day of Christmas my true love gave to me: four Calling Birds, three French Hens, two Turtle Doves, and a Partridge in a Pear Tree., , On the fifth day of Christmas my true love gave to me: five Gold Rings, four Calling Birds, three French Hens, two Turtle Doves, and a Partridge in a Pear Tree., , On the sixth day of Christmas my true love gave to me: six Geese-a-Laying, five Gold Rings, four Calling Birds, three French Hens, two Turtle Doves, and a Partridge in a Pear Tree., , On the seventh day of Christmas my true love gave to me: seven Swans-a-Swimming, six Geese-a-Laying, five Gold Rings, four Calling Birds, three French Hens, two Turtle Doves, and a Partridge in a Pear Tree., , On the eighth day of Christmas my true love gave to me: eight Maids-a-Milking, seven Swans-a-Swimming, six Geese-a-Laying, five Gold Rings, four Calling Birds, three French Hens, two Turtle Doves, and a Partridge in a Pear Tree., , On the ninth day of Christmas my true love gave to me: nine Ladies Dancing, eight Maids-a-Milking, seven Swans-a-Swimming, six Geese-a-Laying, five Gold Rings, four Calling Birds, three French Hens, two Turtle Doves, and a Partridge in a Pear Tree., , On the tenth day of Christmas my true love gave to me: ten Lords-a-Leaping, nine Ladies Dancing, eight Maids-a-Milking, seven Swans-a-Swimming, six Geese-a-Laying, five Gold Rings, four Calling Birds, three French Hens, two Turtle Doves, and a Partridge in a Pear Tree., , On the eleventh day of Christmas my true love gave to me: eleven Pipers Piping, ten Lords-a-Leaping, nine Ladies Dancing, eight Maids-a-Milking, seven Swans-a-Swimming, six Geese-a-Laying, five Gold Rings, four Calling Birds, three French Hens, two Turtle Doves, and a Partridge in a Pear Tree., , On the twelfth day of Christmas my true love gave to me: twelve Drummers Drumming, eleven Pipers Piping, ten Lords-a-Leaping, nine Ladies Dancing, eight Maids-a-Milking, seven Swans-a-Swimming, six Geese-a-Laying, five Gold Rings, four Calling Birds, three French Hens, two Turtle Doves, and a Partridge in a Pear Tree.]
[On the first day of Christmas my true love gave to me: a Partridge in a Pear Tree., , On the second day of Christmas my true love gave to me: two Turtle Doves, and a Partridge in a Pear Tree., , On the third day of Christmas my true love gave to me: three French Hens, two Turtle Doves, and a Partridge in a Pear Tree., , On the fourth day of Christmas my true love gave to me: four Calling Birds, three French Hens, two Turtle Doves, and a Partridge in a Pear Tree., , On the fifth day of Christmas my true love gave to me: five Gold Rings, four Calling Birds, three French Hens, two Turtle Doves, and a Partridge in a Pear Tree., , On the sixth day of Christmas my true love gave to me: six Geese-a-Laying, five Gold Rings, four Calling Birds, three French Hens, two Turtle Doves, and a Partridge in a Pear Tree., , On the seventh day of Christmas my true love gave to me: seven Swans-a-Swimming, six Geese-a-Laying, five Gold Rings, four Calling Birds, three French Hens, two Turtle Doves, and a Partridge in a Pear Tree., , On the eighth day of Christmas my true love gave to me: eight Maids-a-Milking, seven Swans-a-Swimming, six Geese-a-Laying, five Gold Rings, four Calling Birds, three French Hens, two Turtle Doves, and a Partridge in a Pear Tree., , On the ninth day of Christmas my true love gave to me: nine Ladies Dancing, eight Maids-a-Milking, seven Swans-a-Swimming, six Geese-a-Laying, five Gold Rings, four Calling Birds, three French Hens, two Turtle Doves, and a Partridge in a Pear Tree., , On the tenth day of Christmas my true love gave to me: ten Lords-a-Leaping, nine Ladies Dancing, eight Maids-a-Milking, seven Swans-a-Swimming, six Geese-a-Laying, five Gold Rings, four Calling Birds, three French Hens, two Turtle Doves, and a Partridge in a Pear Tree., , On the eleventh day of Christmas my true love gave to me: eleven Pipers Piping, ten Lords-a-Leaping, nine Ladies Dancing, eight Maids-a-Milking, seven Swans-a-Swimming, six Geese-a-Laying, five Gold Rings, four Calling Birds, three French Hens, two Turtle Doves, and a Partridge in a Pear Tree., , On the twelfth day of Christmas my true love gave to me: twelve Drummers Drumming, eleven Pipers Piping, ten Lords-a-Leaping, nine Ladies Dancing, eight Maids-a-Milking, seven Swans-a-Swimming, six Geese-a-Laying, five Gold Rings, four Calling Birds, three French Hens, two Turtle Doves, and a Partridge in a Pear Tree.]
[On the first day of Christmas my true love gave to me: a Partridge in a Pear Tree., , On the second day of Christmas my true love gave to me: two Turtle Doves, and a Partridge in a Pear Tree., , On the third day of Christmas my true love gave to me: three French Hens, two Turtle Doves, and a Partridge in a Pear Tree., , On the fourth day of Christmas my true love gave to me: four Calling Birds, three French Hens, two Turtle Doves, and a Partridge in a Pear Tree., , On the fifth day of Christmas my true love gave to me: five Gold Rings, four Calling Birds, three French Hens, two Turtle Doves, and a Partridge in a Pear Tree., , On the sixth day of Christmas my true love gave to me: six Geese-a-Laying, five Gold Rings, four Calling Birds, three French Hens, two Turtle Doves, and a Partridge in a Pear Tree., , On the seventh day of Christmas my true love gave to me: seven Swans-a-Swimming, six Geese-a-Laying, five Gold Rings, four Calling Birds, three French Hens, two Turtle Doves, and a Partridge in a Pear Tree., , On the eighth day of Christmas my true love gave to me: eight Maids-a-Milking, seven Swans-a-Swimming, six Geese-a-Laying, five Gold Rings, four Calling Birds, three French Hens, two Turtle Doves, and a Partridge in a Pear Tree., , On the ninth day of Christmas my true love gave to me: nine Ladies Dancing, eight Maids-a-Milking, seven Swans-a-Swimming, six Geese-a-Laying, five Gold Rings, four Calling Birds, three French Hens, two Turtle Doves, and a Partridge in a Pear Tree., , On the tenth day of Christmas my true love gave to me: ten Lords-a-Leaping, nine Ladies Dancing, eight Maids-a-Milking, seven Swans-a-Swimming, six Geese-a-Laying, five Gold Rings, four Calling Birds, three French Hens, two Turtle Doves, and a Partridge in a Pear Tree., , On the eleventh day of Christmas my true love gave to me: eleven Pipers Piping, ten Lords-a-Leaping, nine Ladies Dancing, eight Maids-a-Milking, seven Swans-a-Swimming, six Geese-a-Laying, five Gold Rings, four Calling Birds, three French Hens, two Turtle Doves, and a Partridge in a Pear Tree., , On the twelfth day of Christmas my true love gave to me: twelve Drummers Drumming, eleven Pipers Piping, ten Lords-a-Leaping, nine Ladies Dancing, eight Maids-a-Milking, seven Swans-a-Swimming, six Geese-a-Laying, five Gold Rings, four Calling Birds, three French Hens, two Turtle Doves, and a Partridge in a Pear Tree.]
[On the first day of Christmas my true love gave to me: a Partridge in a Pear Tree., , On the second day of Christmas my true love gave to me: two Turtle Doves, and a Partridge in a Pear Tree., , On the third day of Christmas my true love gave to me: three French Hens, two Turtle Doves, and a Partridge in a Pear Tree., , On the fourth day of Christmas my true love gave to me: four Calling Birds, three French Hens, two Turtle Doves, and a Partridge in a Pear Tree., , On the fifth day of Christmas my true love gave to me: five Gold Rings, four Calling Birds, three French Hens, two Turtle Doves, and a Partridge in a Pear Tree., , On the sixth day of Christmas my true love gave to me: six Geese-a-Laying, five Gold Rings, four Calling Birds, three French Hens, two Turtle Doves, and a Partridge in a Pear Tree., , On the seventh day of Christmas my true love gave to me: seven Swans-a-Swimming, six Geese-a-Laying, five Gold Rings, four Calling Birds, three French Hens, two Turtle Doves, and a Partridge in a Pear Tree., , On the eighth day of Christmas my true love gave to me: eight Maids-a-Milking, seven Swans-a-Swimming, six Geese-a-Laying, five Gold Rings, four Calling Birds, three French Hens, two Turtle Doves, and a Partridge in a Pear Tree., , On the ninth day of Christmas my true love gave to me: nine Ladies Dancing, eight Maids-a-Milking, seven Swans-a-Swimming, six Geese-a-Laying, five Gold Rings, four Calling Birds, three French Hens, two Turtle Doves, and a Partridge in a Pear Tree., , On the tenth day of Christmas my true love gave to me: ten Lords-a-Leaping, nine Ladies Dancing, eight Maids-a-Milking, seven Swans-a-Swimming, six Geese-a-Laying, five Gold Rings, four Calling Birds, three French Hens, two Turtle Doves, and a Partridge in a Pear Tree., , On the eleventh day of Christmas my true love gave to me: eleven Pipers Piping, ten Lords-a-Leaping, nine Ladies Dancing, eight Maids-a-Milking, seven Swans-a-Swimming, six Geese-a-Laying, five Gold Rings, four Calling Birds, three French Hens, two Turtle Doves, and a Partridge in a Pear Tree., , On the twelfth day of Christmas my true love gave to me: twelve Drummers Drumming, eleven Pipers Piping, ten Lords-a-Leaping, nine Ladies Dancing, eight Maids-a-Milking, seven Swans-a-Swimming, six Geese-a-Laying, five Gold Rings, four Calling Birds, three French Hens, two Turtle Doves, and a Partridge in a Pear Tree.]
[On the first day of Christmas my true love gave to me: a Partridge in a Pear Tree., , On the second day of Christmas my true love gave to me: two Turtle Doves, and a Partridge in a Pear Tree., , On the third day of Christmas my true love gave to me: three French Hens, two Turtle Doves, and a Partridge in a Pear Tree., , On the fourth day of Christmas my true love gave to me: four Calling Birds, three French Hens, two Turtle Doves, and a Partridge in a Pear Tree., , On the fifth day of Christmas my true love gave to me: five Gold Rings, four Calling Birds, three French Hens, two Turtle Doves, and a Partridge in a Pear Tree., , On the sixth day of Christmas my true love gave to me: six Geese-a-Laying, five Gold Rings, four Calling Birds, three French Hens, two Turtle Doves, and a Partridge in a Pear Tree., , On the seventh day of Christmas my true love gave to me: seven Swans-a-Swimming, six Geese-a-Laying, five Gold Rings, four Calling Birds, three French Hens, two Turtle Doves, and a Partridge in a Pear Tree., , On the eighth day of Christmas my true love gave to me: eight Maids-a-Milking, seven Swans-a-Swimming, six Geese-a-Laying, five Gold Rings, four Calling Birds, three French Hens, two Turtle Doves, and a Partridge in a Pear Tree., , On the ninth day of Christmas my true love gave to me: nine Ladies Dancing, eight Maids-a-Milking, seven Swans-a-Swimming, six Geese-a-Laying, five Gold Rings, four Calling Birds, three French Hens, two Turtle Doves, and a Partridge in a Pear Tree., , On the tenth day of Christmas my true love gave to me: ten Lords-a-Leaping, nine Ladies Dancing, eight Maids-a-Milking, seven Swans-a-Swimming, six Geese-a-Laying, five Gold Rings, four Calling Birds, three French Hens, two Turtle Doves, and a Partridge in a Pear Tree., , On the eleventh day of Christmas my true love gave to me: eleven Pipers Piping, ten Lords-a-Leaping, nine Ladies Dancing, eight Maids-a-Milking, seven Swans-a-Swimming, six Geese-a-Laying, five Gold Rings, four Calling Birds, three French Hens, two Turtle Doves, and a Partridge in a Pear Tree., , On the twelfth day of Christmas my true love gave to me: twelve Drummers Drumming, eleven Pipers Piping, ten Lords-a-Leaping, nine Ladies Dancing, eight Maids-a-Milking, seven Swans-a-Swimming, six Geese-a-Laying, five Gold Rings, four Calling Birds, three French Hens, two Turtle Doves, and a Partridge in a Pear Tree.]
[On the first day of Christmas my true love gave to me: a Partridge in a Pear Tree., , On the second day of Christmas my true love gave to me: two Turtle Doves, and a Partridge in a Pear Tree., , On the third day of Christmas my true love gave to me: three French Hens, two Turtle Doves, and a Partridge in a Pear Tree., , On the fourth day of Christmas my true love gave to me: four Calling Birds, three French Hens, two Turtle Doves, and a Partridge in a Pear Tree., , On the fifth day of Christmas my true love gave to me: five Gold Rings, four Calling Birds, three French Hens, two Turtle Doves, and a Partridge in a Pear Tree., , On the sixth day of Christmas my true love gave to me: six Geese-a-Laying, five Gold Rings, four Calling Birds, three French Hens, two Turtle Doves, and a Partridge in a Pear Tree., , On the seventh day of Christmas my true love gave to me: seven Swans-a-Swimming, six Geese-a-Laying, five Gold Rings, four Calling Birds, three French Hens, two Turtle Doves, and a Partridge in a Pear Tree., , On the eighth day of Christmas my true love gave to me: eight Maids-a-Milking, seven Swans-a-Swimming, six Geese-a-Laying, five Gold Rings, four Calling Birds, three French Hens, two Turtle Doves, and a Partridge in a Pear Tree., , On the ninth day of Christmas my true love gave to me: nine Ladies Dancing, eight Maids-a-Milking, seven Swans-a-Swimming, six Geese-a-Laying, five Gold Rings, four Calling Birds, three French Hens, two Turtle Doves, and a Partridge in a Pear Tree., , On the tenth day of Christmas my true love gave to me: ten Lords-a-Leaping, nine Ladies Dancing, eight Maids-a-Milking, seven Swans-a-Swimming, six Geese-a-Laying, five Gold Rings, four Calling Birds, three French Hens, two Turtle Doves, and a Partridge in a Pear Tree., , On the eleventh day of Christmas my true love gave to me: eleven Pipers Piping, ten Lords-a-Leaping, nine Ladies Dancing, eight Maids-a-Milking, seven Swans-a-Swimming, six Geese-a-Laying, five Gold Rings, four Calling Birds, three French Hens, two Turtle Doves, and a Partridge in a Pear Tree., , On the twelfth day of Christmas my true love gave to me: twelve Drummers Drumming, eleven Pipers Piping, ten Lords-a-Leaping, nine Ladies Dancing, eight Maids-a-Milking, seven Swans-a-Swimming, six Geese-a-Laying, five Gold Rings, four Calling Birds, three French Hens, two Turtle Doves, and a Partridge in a Pear Tree.]
[On the first day of Christmas my true love gave to me: a Partridge in a Pear Tree., , On the second day of Christmas my true love gave to me: two Turtle Doves, and a Partridge in a Pear Tree., , On the third day of Christmas my true love gave to me: three French Hens, two Turtle Doves, and a Partridge in a Pear Tree., , On the fourth day of Christmas my true love gave to me: four Calling Birds, three French Hens, two Turtle Doves, and a Partridge in a Pear Tree., , On the fifth day of Christmas my true love gave to me: five Gold Rings, four Calling Birds, three French Hens, two Turtle Doves, and a Partridge in a Pear Tree., , On the sixth day of Christmas my true love gave to me: six Geese-a-Laying, five Gold Rings, four Calling Birds, three French Hens, two Turtle Doves, and a Partridge in a Pear Tree., , On the seventh day of Christmas my true love gave to me: seven Swans-a-Swimming, six Geese-a-Laying, five Gold Rings, four Calling Birds, three French Hens, two Turtle Doves, and a Partridge in a Pear Tree., , On the eighth day of Christmas my true love gave to me: eight Maids-a-Milking, seven Swans-a-Swimming, six Geese-a-Laying, five Gold Rings, four Calling Birds, three French Hens, two Turtle Doves, and a Partridge in a Pear Tree., , On the ninth day of Christmas my true love gave to me: nine Ladies Dancing, eight Maids-a-Milking, seven Swans-a-Swimming, six Geese-a-Laying, five Gold Rings, four Calling Birds, three French Hens, two Turtle Doves, and a Partridge in a Pear Tree., , On the tenth day of Christmas my true love gave to me: ten Lords-a-Leaping, nine Ladies Dancing, eight Maids-a-Milking, seven Swans-a-Swimming, six Geese-a-Laying, five Gold Rings, four Calling Birds, three French Hens, two Turtle Doves, and a Partridge in a Pear Tree., , On the eleventh day of Christmas my true love gave to me: eleven Pipers Piping, ten Lords-a-Leaping, nine Ladies Dancing, eight Maids-a-Milking, seven Swans-a-Swimming, six Geese-a-Laying, five Gold Rings, four Calling Birds, three French Hens, two Turtle Doves, and a Partridge in a Pear Tree., , On the twelfth day of Christmas my true love gave to me: twelve Drummers Drumming, eleven Pipers Piping, ten Lords-a-Leaping, nine Ladies Dancing, eight Maids-a-Milking, seven Swans-a-Swimming, six Geese-a-Laying, five Gold Rings, four Calling Birds, three French Hens, two Turtle Doves, and a Partridge in a Pear Tree.]
[On the first day of Christmas my true love gave to me: a Partridge in a Pear Tree., , On the second day of Christmas my true love gave to me: two Turtle Doves, and a Partridge in a Pear Tree., , On the third day of Christmas my true love gave to me: three French Hens, two Turtle Doves, and a Partridge in a Pear Tree., , On the fourth day of Christmas my true love gave to me: four Calling Birds, three French Hens, two Turtle Doves, and a Partridge in a Pear Tree., , On the fifth day of Christmas my true love gave to me: five Gold Rings, four Calling Birds, three French Hens, two Turtle Doves, and a Partridge in a Pear Tree., , On the sixth day of Christmas my true love gave to me: six Geese-a-Laying, five Gold Rings, four Calling Birds, three French Hens, two Turtle Doves, and a Partridge in a Pear Tree., , On the seventh day of Christmas my true love gave to me: seven Swans-a-Swimming, six Geese-a-Laying, five Gold Rings, four Calling Birds, three French Hens, two Turtle Doves, and a Partridge in a Pear Tree., , On the eighth day of Christmas my true love gave to me: eight Maids-a-Milking, seven Swans-a-Swimming, six Geese-a-Laying, five Gold Rings, four Calling Birds, three French Hens, two Turtle Doves, and a Partridge in a Pear Tree., , On the ninth day of Christmas my true love gave to me: nine Ladies Dancing, eight Maids-a-Milking, seven Swans-a-Swimming, six Geese-a-Laying, five Gold Rings, four Calling Birds, three French Hens, two Turtle Doves, and a Partridge in a Pear Tree., , On the tenth day of Christmas my true love gave to me: ten Lords-a-Leaping, nine Ladies Dancing, eight Maids-a-Milking, seven Swans-a-Swimming, six Geese-a-Laying, five Gold Rings, four Calling Birds, three French Hens, two Turtle Doves, and a Partridge in a Pear Tree., , On the eleventh day of Christmas my true love gave to me: eleven Pipers Piping, ten Lords-a-Leaping, nine Ladies Dancing, eight Maids-a-Milking, seven Swans-a-Swimming, six Geese-a-Laying, five Gold Rings, four Calling Birds, three French Hens, two Turtle Doves, and a Partridge in a Pear Tree., , On the twelfth day of Christmas my true love gave to me: twelve Drummers Drumming, eleven Pipers Piping, ten Lords-a-Leaping, nine Ladies Dancing, eight Maids-a-Milking, seven Swans-a-Swimming, six Geese-a-Laying, five Gold Rings, four Calling Birds, three French Hens, two Turtle Doves, and a Partridge in a Pear Tree.]
[On the first day of Christmas my true love gave to me: a Partridge in a Pear Tree., , On the second day of Christmas my true love gave to me: two Turtle Doves, and a Partridge in a Pear Tree., , On the third day of Christmas my true love gave to me: three French Hens, two Turtle Doves, and a Partridge in a Pear Tree., , On the fourth day of Christmas my true love gave to me: four Calling Birds, three French Hens, two Turtle Doves, and a Partridge in a Pear Tree., , On the fifth day of Christmas my true love gave to me: five Gold Rings, four Calling Birds, three French Hens, two Turtle Doves, and a Partridge in a Pear Tree., , On the sixth day of Christmas my true love gave to me: six Geese-a-Laying, five Gold Rings, four Calling Birds, three French Hens, two Turtle Doves, and a Partridge in a Pear Tree., , On the seventh day of Christmas my true love gave to me: seven Swans-a-Swimming, six Geese-a-Laying, five Gold Rings, four Calling Birds, three French Hens, two Turtle Doves, and a Partridge in a Pear Tree., , On the eighth day of Christmas my true love gave to me: eight Maids-a-Milking, seven Swans-a-Swimming, six Geese-a-Laying, five Gold Rings, four Calling Birds, three French Hens, two Turtle Doves, and a Partridge in a Pear Tree., , On the ninth day of Christmas my true love gave to me: nine Ladies Dancing, eight Maids-a-Milking, seven Swans-a-Swimming, six Geese-a-Laying, five Gold Rings, four Calling Birds, three French Hens, two Turtle Doves, and a Partridge in a Pear Tree., , On the tenth day of Christmas my true love gave to me: ten Lords-a-Leaping, nine Ladies Dancing, eight Maids-a-Milking, seven Swans-a-Swimming, six Geese-a-Laying, five Gold Rings, four Calling Birds, three French Hens, two Turtle Doves, and a Partridge in a Pear Tree., , On the eleventh day of Christmas my true love gave to me: eleven Pipers Piping, ten Lords-a-Leaping, nine Ladies Dancing, eight Maids-a-Milking, seven Swans-a-Swimming, six Geese-a-Laying, five Gold Rings, four Calling Birds, three French Hens, two Turtle Doves, and a Partridge in a Pear Tree., , On the twelfth day of Christmas my true love gave to me: twelve Drummers Drumming, eleven Pipers Piping, ten Lords-a-Leaping, nine Ladies Dancing, eight Maids-a-Milking, seven Swans-a-Swimming, six Geese-a-Laying, five Gold Rings, four Calling Birds, three French Hens, two Turtle Doves, and a Partridge in a Pear Tree.]
[On the first day of Christmas my true love gave to me: a Partridge in a Pear Tree., , On the second day of Christmas my true love gave to me: two Turtle Doves, and a Partridge in a Pear Tree., , On the third day of Christmas my true love gave to me: three French Hens, two Turtle Doves, and a Partridge in a Pear Tree., , On the fourth day of Christmas my true love gave to me: four Calling Birds, three French Hens, two Turtle Doves, and a Partridge in a Pear Tree., , On the fifth day of Christmas my true love gave to me: five Gold Rings, four Calling Birds, three French Hens, two Turtle Doves, and a Partridge in a Pear Tree., , On the sixth day of Christmas my true love gave to me: six Geese-a-Laying, five Gold Rings, four Calling Birds, three French Hens, two Turtle Doves, and a Partridge in a Pear Tree., , On the seventh day of Christmas my true love gave to me: seven Swans-a-Swimming, six Geese-a-Laying, five Gold Rings, four Calling Birds, three French Hens, two Turtle Doves, and a Partridge in a Pear Tree., , On the eighth day of Christmas my true love gave to me: eight Maids-a-Milking, seven Swans-a-Swimming, six Geese-a-Laying, five Gold Rings, four Calling Birds, three French Hens, two Turtle Doves, and a Partridge in a Pear Tree., , On the ninth day of Christmas my true love gave to me: nine Ladies Dancing, eight Maids-a-Milking, seven Swans-a-Swimming, six Geese-a-Laying, five Gold Rings, four Calling Birds, three French Hens, two Turtle Doves, and a Partridge in a Pear Tree., , On the tenth day of Christmas my true love gave to me: ten Lords-a-Leaping, nine Ladies Dancing, eight Maids-a-Milking, seven Swans-a-Swimming, six Geese-a-Laying, five Gold Rings, four Calling Birds, three French Hens, two Turtle Doves, and a Partridge in a Pear Tree., , On the eleventh day of Christmas my true love gave to me: eleven Pipers Piping, ten Lords-a-Leaping, nine Ladies Dancing, eight Maids-a-Milking, seven Swans-a-Swimming, six Geese-a-Laying, five Gold Rings, four Calling Birds, three French Hens, two Turtle Doves, and a Partridge in a Pear Tree., , On the twelfth day of Christmas my true love gave to me: twelve Drummers Drumming, eleven Pipers Piping, ten Lords-a-Leaping, nine Ladies Dancing, eight Maids-a-Milking, seven Swans-a-Swimming, six Geese-a-Laying, five Gold Rings, four Calling Birds, three French Hens, two Turtle Doves, and a Partridge in a Pear Tree.]
[On the first day of Christmas my true love gave to me: a Partridge in a Pear Tree., , On the second day of Christmas my true love gave to me: two Turtle Doves, and a Partridge in a Pear Tree., , On the third day of Christmas my true love gave to me: three French Hens, two Turtle Doves, and a Partridge in a Pear Tree., , On the fourth day of Christmas my true love gave to me: four Calling Birds, three French Hens, two Turtle Doves, and a Partridge in a Pear Tree., , On the fifth day of Christmas my true love gave to me: five Gold Rings, four Calling Birds, three French Hens, two Turtle Doves, and a Partridge in a Pear Tree., , On the sixth day of Christmas my true love gave to me: six Geese-a-Laying, five Gold Rings, four Calling Birds, three French Hens, two Turtle Doves, and a Partridge in a Pear Tree., , On the seventh day of Christmas my true love gave to me: seven Swans-a-Swimming, six Geese-a-Laying, five Gold Rings, four Calling Birds, three French Hens, two Turtle Doves, and a Partridge in a Pear Tree., , On the eighth day of Christmas my true love gave to me: eight Maids-a-Milking, seven Swans-a-Swimming, six Geese-a-Laying, five Gold Rings, four Calling Birds, three French Hens, two Turtle Doves, and a Partridge in a Pear Tree., , On the ninth day of Christmas my true love gave to me: nine Ladies Dancing, eight Maids-a-Milking, seven Swans-a-Swimming, six Geese-a-Laying, five Gold Rings, four Calling Birds, three French Hens, two Turtle Doves, and a Partridge in a Pear Tree., , On the tenth day of Christmas my true love gave to me: ten Lords-a-Leaping, nine Ladies Dancing, eight Maids-a-Milking, seven Swans-a-Swimming, six Geese-a-Laying, five Gold Rings, four Calling Birds, three French Hens, two Turtle Doves, and a Partridge in a Pear Tree., , On the eleventh day of Christmas my true love gave to me: eleven Pipers Piping, ten Lords-a-Leaping, nine Ladies Dancing, eight Maids-a-Milking, seven Swans-a-Swimming, six Geese-a-Laying, five Gold Rings, four Calling Birds, three French Hens, two Turtle Doves, and a Partridge in a Pear Tree., , On the twelfth day of Christmas my true love gave to me: twelve Drummers Drumming, eleven Pipers Piping, ten Lords-a-Leaping, nine Ladies Dancing, eight Maids-a-Milking, seven Swans-a-Swimming, six Geese-a-Laying, five Gold Rings, four Calling Birds, three French Hens, two Turtle Doves, and a Partridge in a Pear Tree.]
[On the first day of Christmas my true love gave to me: a Partridge in a Pear Tree., , On the second day of Christmas my true love gave to me: two Turtle Doves, and a Partridge in a Pear Tree., , On the third day of Christmas my true love gave to me: three French Hens, two Turtle Doves, and a Partridge in a Pear Tree., , On the fourth day of Christmas my true love gave to me: four Calling Birds, three French Hens, two Turtle Doves, and a Partridge in a Pear Tree., , On the fifth day of Christmas my true love gave to me: five Gold Rings, four Calling Birds, three French Hens, two Turtle Doves, and a Partridge in a Pear Tree., , On the sixth day of Christmas my true love gave to me: six Geese-a-Laying, five Gold Rings, four Calling Birds, three French Hens, two Turtle Doves, and a Partridge in a Pear Tree., , On the seventh day of Christmas my true love gave to me: seven Swans-a-Swimming, six Geese-a-Laying, five Gold Rings, four Calling Birds, three French Hens, two Turtle Doves, and a Partridge in a Pear Tree., , On the eighth day of Christmas my true love gave to me: eight Maids-a-Milking, seven Swans-a-Swimming, six Geese-a-Laying, five Gold Rings, four Calling Birds, three French Hens, two Turtle Doves, and a Partridge in a Pear Tree., , On the ninth day of Christmas my true love gave to me: nine Ladies Dancing, eight Maids-a-Milking, seven Swans-a-Swimming, six Geese-a-Laying, five Gold Rings, four Calling Birds, three French Hens, two Turtle Doves, and a Partridge in a Pear Tree., , On the tenth day of Christmas my true love gave to me: ten Lords-a-Leaping, nine Ladies Dancing, eight Maids-a-Milking, seven Swans-a-Swimming, six Geese-a-Laying, five Gold Rings, four Calling Birds, three French Hens, two Turtle Doves, and a Partridge in a Pear Tree., , On the eleventh day of Christmas my true love gave to me: eleven Pipers Piping, ten Lords-a-Leaping, nine Ladies Dancing, eight Maids-a-Milking, seven Swans-a-Swimming, six Geese-a-Laying, five Gold Rings, four Calling Birds, three French Hens, two Turtle Doves, and a Partridge in a Pear Tree., , On the twelfth day of Christmas my true love gave to me: twelve Drummers Drumming, eleven Pipers Piping, ten Lords-a-Leaping, nine Ladies Dancing, eight Maids-a-Milking, seven Swans-a-Swimming, six Geese-a-Laying, five Gold Rings, four Calling Birds, three French Hens, two Turtle Doves, and a Partridge in a Pear Tree.]
]]></system-out>
  <system-err><![CDATA[]]></system-err>
</testsuite>
