<?xml version="1.0" encoding="UTF-8"?>
<testsuite name="ProverbTest" tests="6" skipped="0" failures="0" errors="0" timestamp="2024-07-24T20:25:20" hostname="PC-JOAQUIN" time="0.137">
  <properties/>
  <testcase name="shortChainOfConsequences()" classname="ProverbTest" time="0.121"/>
  <testcase name="fullProverb()" classname="ProverbTest" time="0.002"/>
  <testcase name="zeroWordsAreGiven()" classname="ProverbTest" time="0.001"/>
  <testcase name="singlePieceOfProverb()" classname="ProverbTest" time="0.004"/>
  <testcase name="twoPiecesOfProverb()" classname="ProverbTest" time="0.001"/>
  <testcase name="fourPiecesModernizedProverb()" classname="ProverbTest" time="0.001"/>
  <system-out><![CDATA[]]></system-out>
  <system-err><![CDATA[]]></system-err>
</testsuite>
