<?xml version="1.0" encoding="UTF-8"?>
<testsuite name="MatrixTest" tests="9" skipped="0" failures="0" errors="0" timestamp="2024-07-24T23:02:36" hostname="PC-JOAQUIN" time="0.152">
  <properties/>
  <testcase name="testCanIdentifyMultipleSaddlePointsInAColumn()" classname="MatrixTest" time="0.121"/>
  <testcase name="testCanIdentifyThatEmptyMatrixHasNoSaddlePoints()" classname="MatrixTest" time="0.001"/>
  <testcase name="testCanIdentifySaddlePointInBottomRightCorner()" classname="MatrixTest" time="0.003"/>
  <testcase name="testCanIdentifyMultipleSaddlePointsInARow()" classname="MatrixTest" time="0.004"/>
  <testcase name="testCanIdentifySaddlePointsInANonSquareMatrix()" classname="MatrixTest" time="0.003"/>
  <testcase name="testCanIdentifyThatSaddlePointsInASingleRowMatrixAreThoseWithMaximumValue()" classname="MatrixTest" time="0.001"/>
  <testcase name="testCanIdentifyLackOfSaddlePointsWhenThereAreNone()" classname="MatrixTest" time="0.003"/>
  <testcase name="testCanIdentifySingleSaddlePoint()" classname="MatrixTest" time="0.002"/>
  <testcase name="testCanIdentifyThatSaddlePointsInASingleColumnMatrixAreThoseWithMinimumValue()" classname="MatrixTest" time="0.002"/>
  <system-out><![CDATA[Index Candidate: 1
5
5
5
Index Candidate: 1
5
5
5
Index Candidate: 2
4
5
4
Index Candidate: 1
5
5
5
Index Candidate: 2
9
6
5
Index Candidate: 1
7
7
2
Index Candidate: 2
9
6
5
Index Candidate: 2
8
5
6
Index Candidate: 0
6
5
7
Index Candidate: 1
7
5
5
Index Candidate: 2
8
5
6
Index Candidate: 0
6
5
7
Index Candidate: 0
3
3
Index Candidate: 2
3
4
Index Candidate: 2
3
4
Index Candidate: 1
5
Index Candidate: 3
5
Index Candidate: 2
3
2
1
Index Candidate: 0
1
3
2
Index Candidate: 1
2
1
3
Index Candidate: 0
9
5
6
Index Candidate: 0
9
5
6
Index Candidate: 2
7
2
7
Index Candidate: 0
2
1
4
1
Index Candidate: 0
2
1
4
1
Index Candidate: 0
2
1
4
1
Index Candidate: 0
2
1
4
1
]]></system-out>
  <system-err><![CDATA[]]></system-err>
</testsuite>
