<?xml version="1.0" encoding="UTF-8"?>
<testsuite name="VariableLengthQuantityTest" tests="26" skipped="0" failures="0" errors="0" timestamp="2024-07-27T04:46:39" hostname="PC-JOAQUIN" time="0.201">
  <properties/>
  <testcase name="testLargestDoubleByte()" classname="VariableLengthQuantityTest" time="0.138"/>
  <testcase name="testLargestTripleByte()" classname="VariableLengthQuantityTest" time="0.002"/>
  <testcase name="testLargestSingleByte()" classname="VariableLengthQuantityTest" time="0.001"/>
  <testcase name="testArbitraryDoubleByte()" classname="VariableLengthQuantityTest" time="0.002"/>
  <testcase name="testSmallestDoubleByte()" classname="VariableLengthQuantityTest" time="0.001"/>
  <testcase name="testArbitraryTripleByte()" classname="VariableLengthQuantityTest" time="0.001"/>
  <testcase name="testSmallestTripleByte()" classname="VariableLengthQuantityTest" time="0.001"/>
  <testcase name="testArbitrarySingleByte()" classname="VariableLengthQuantityTest" time="0.001"/>
  <testcase name="testMaximum32BitIntegerInput()" classname="VariableLengthQuantityTest" time="0.002"/>
  <testcase name="testDecodeMultipleBytes()" classname="VariableLengthQuantityTest" time="0.001"/>
  <testcase name="testTwoSingleByteValues()" classname="VariableLengthQuantityTest" time="0.002"/>
  <testcase name="testZero()" classname="VariableLengthQuantityTest" time="0.001"/>
  <testcase name="testDecodeFourBytes()" classname="VariableLengthQuantityTest" time="0.0"/>
  <testcase name="testCannotDecodeIncompleteSequence()" classname="VariableLengthQuantityTest" time="0.006"/>
  <testcase name="testDecodeTwoBytes()" classname="VariableLengthQuantityTest" time="0.001"/>
  <testcase name="testManyMultiByteValues()" classname="VariableLengthQuantityTest" time="0.003"/>
  <testcase name="testTwoMultiByteValues()" classname="VariableLengthQuantityTest" time="0.001"/>
  <testcase name="testDecodeThreeBytes()" classname="VariableLengthQuantityTest" time="0.002"/>
  <testcase name="testArbitraryQuadrupleByte()" classname="VariableLengthQuantityTest" time="0.002"/>
  <testcase name="testSmallestQuadrupleByte()" classname="VariableLengthQuantityTest" time="0.002"/>
  <testcase name="testDecodeOneByte()" classname="VariableLengthQuantityTest" time="0.001"/>
  <testcase name="testCannotDecodeIncompleteSequenceEvenIfValueIsZero()" classname="VariableLengthQuantityTest" time="0.002"/>
  <testcase name="testLargestQuadrupleByte()" classname="VariableLengthQuantityTest" time="0.001"/>
  <testcase name="testDecodeMaximum32BitInteger()" classname="VariableLengthQuantityTest" time="0.001"/>
  <testcase name="testArbitraryQuintupleByte()" classname="VariableLengthQuantityTest" time="0.001"/>
  <testcase name="testSmallestQuintupleByte()" classname="VariableLengthQuantityTest" time="0.001"/>
  <system-out><![CDATA[16383
11111111111111
[1111111, 1111111]
0
[0xff, 0x7f]
2097151
111111111111111111111
[1111111, 1111111, 1111111]
0
[0xff, 0xff, 0x7f]
127
[0x7f]
8192
10000000000000
[0000000, 1000000]
0
[0xc0, 0x0]
128
10000000
[0000000]
5
[0x81, 0x0]
1048576
100000000000000000000
[0000000, 0000000, 1000000]
0
[0xc0, 0x80, 0x0]
16384
100000000000000
[0000000, 0000000]
5
[0x81, 0x80, 0x0]
64
[0x40]
4294967295
11111111111111111111111111111111
[1111111, 1111111, 1111111, 1111111]
2
[0x8f, 0xff, 0xff, 0xff, 0x7f]
64
127
[0x40, 0x7f]
0
[0x0]
8192
10000000000000
[0000000, 1000000]
0
1193046
100100011010001010110
[1010110, 1101000, 1001000]
0
268435455
1111111111111111111111111111
[1111111, 1111111, 1111111, 1111111]
0
0
16383
11111111111111
[1111111, 1111111]
0
16384
100000000000000
[0000000, 0000000]
5
[0xc0, 0x0, 0xc8, 0xe8, 0x56, 0xff, 0xff, 0xff, 0x7f, 0x0, 0xff, 0x7f, 0x81, 0x80, 0x0]
16384
100000000000000
[0000000, 0000000]
5
1193046
100100011010001010110
[1010110, 1101000, 1001000]
0
[0x81, 0x80, 0x0, 0xc8, 0xe8, 0x56]
134217728
1000000000000000000000000000
[0000000, 0000000, 0000000, 1000000]
0
[0xc0, 0x80, 0x80, 0x0]
2097152
1000000000000000000000
[0000000, 0000000, 0000000]
5
[0x81, 0x80, 0x80, 0x0]
268435455
1111111111111111111111111111
[1111111, 1111111, 1111111, 1111111]
0
[0xff, 0xff, 0xff, 0x7f]
4278190080
11111111000000000000000000000000
[0000000, 0000000, 0000000, 1111000]
2
[0x8f, 0xf8, 0x80, 0x80, 0x0]
268435456
10000000000000000000000000000
[0000000, 0000000, 0000000, 0000000]
5
[0x81, 0x80, 0x80, 0x80, 0x0]
]]></system-out>
  <system-err><![CDATA[]]></system-err>
</testsuite>
