<?xml version="1.0" encoding="UTF-8"?>
<testsuite name="SieveTest" tests="5" skipped="0" failures="0" errors="0" timestamp="2024-07-25T01:28:32" hostname="PC-JOAQUIN" time="0.134">
  <properties/>
  <testcase name="findFirstPrime()" classname="SieveTest" time="0.111"/>
  <testcase name="noPrimesUnder2()" classname="SieveTest" time="0.001"/>
  <testcase name="findPrimesUpTo1000()" classname="SieveTest" time="0.01"/>
  <testcase name="limitIsPrime()" classname="SieveTest" time="0.004"/>
  <testcase name="findPrimesUpTo10()" classname="SieveTest" time="0.001"/>
  <system-out><![CDATA[]]></system-out>
  <system-err><![CDATA[]]></system-err>
</testsuite>
