<?xml version="1.0" encoding="UTF-8"?>
<testsuite name="TwoferTest" tests="3" skipped="2" failures="0" errors="0" timestamp="2024-03-10T01:13:43" hostname="PC-JOAQUIN" time="0.09">
  <properties/>
  <testcase name="noNameGiven()" classname="TwoferTest" time="0.083"/>
  <testcase name="aNameGiven()" classname="TwoferTest" time="0.001">
    <skipped/>
  </testcase>
  <testcase name="anotherNameGiven()" classname="TwoferTest" time="0.001">
    <skipped/>
  </testcase>
  <system-out><![CDATA[]]></system-out>
  <system-err><![CDATA[]]></system-err>
</testsuite>
